<?xml version="1.0" encoding="utf-8"?><testsuites name="pytest tests"><testsuite name="pytest" errors="0" failures="0" skipped="0" tests="15" time="4.479" timestamp="2026-03-28T15:17:23.885920+00:00" hostname="agent-env-252d4f16-b767-4cbb-9321-13a981fc2149"><testcase classname="backend.tests.test_iteration4_features.TestHealthAndAuth" name="test_api_health" time="0.198" /><testcase classname="backend.tests.test_iteration4_features.TestHealthAndAuth" name="test_admin_login" time="0.393" /><testcase classname="backend.tests.test_iteration4_features.TestImageUpload" name="test_upload_endpoint_requires_auth" time="0.150" /><testcase classname="backend.tests.test_iteration4_features.TestImageUpload" name="test_upload_endpoint_rejects_non_images" time="0.384" /><testcase classname="backend.tests.test_iteration4_features.TestTestimonials" name="test_get_testimonials" time="0.143" /><testcase classname="backend.tests.test_iteration4_features.TestTestimonials" name="test_create_testimonial" time="0.377" /><testcase classname="backend.tests.test_iteration4_features.TestTestimonials" name="test_testimonial_requires_auth" time="0.149" /><testcase classname="backend.tests.test_iteration4_features.TestBlogWithExternalLinks" name="test_get_blogs" time="0.130" /><testcase classname="backend.tests.test_iteration4_features.TestBlogWithExternalLinks" name="test_create_blog_with_external_link" time="0.372" /><testcase classname="backend.tests.test_iteration4_features.TestBlogWithExternalLinks" name="test_update_blog_link" time="0.541" /><testcase classname="backend.tests.test_iteration4_features.TestBlogWithExternalLinks" name="test_blog_requires_auth" time="0.104" /><testcase classname="backend.tests.test_iteration4_features.TestCourses" name="test_get_courses" time="0.119" /><testcase classname="backend.tests.test_iteration4_features.TestCourses" name="test_get_course_detail" time="0.281" /><testcase classname="backend.tests.test_iteration4_features.TestCleanup" name="test_cleanup_test_blogs" time="0.593" /><testcase classname="backend.tests.test_iteration4_features.TestCleanup" name="test_cleanup_test_testimonials" time="0.467" /></testsuite></testsuites>