<?xml version="1.0" encoding="utf-8"?><testsuites name="pytest tests"><testsuite name="pytest" errors="0" failures="0" skipped="0" tests="17" time="4.418" timestamp="2026-03-28T11:11:54.201879+00:00" hostname="agent-env-252d4f16-b767-4cbb-9321-13a981fc2149"><testcase classname="backend.tests.test_mentoriq_api.TestAuth" name="test_admin_login_success" time="0.704" /><testcase classname="backend.tests.test_mentoriq_api.TestAuth" name="test_teacher_login_success" time="0.268" /><testcase classname="backend.tests.test_mentoriq_api.TestAuth" name="test_login_invalid_credentials" time="0.268" /><testcase classname="backend.tests.test_mentoriq_api.TestCourses" name="test_get_courses_list" time="0.044" /><testcase classname="backend.tests.test_mentoriq_api.TestCourses" name="test_get_course_detail" time="0.546" /><testcase classname="backend.tests.test_mentoriq_api.TestCourses" name="test_course_not_found" time="0.045" /><testcase classname="backend.tests.test_mentoriq_api.TestCourses" name="test_course_pricing_and_type_consistency" time="0.045" /><testcase classname="backend.tests.test_mentoriq_api.TestBlogs" name="test_get_blogs_list" time="0.047" /><testcase classname="backend.tests.test_mentoriq_api.TestBlogs" name="test_create_blog_without_auth" time="0.106" /><testcase classname="backend.tests.test_mentoriq_api.TestBlogs" name="test_create_blog_as_admin" time="0.440" /><testcase classname="backend.tests.test_mentoriq_api.TestBlogs" name="test_get_blog_detail" time="0.506" /><testcase classname="backend.tests.test_mentoriq_api.TestBlogs" name="test_update_blog" time="0.552" /><testcase classname="backend.tests.test_mentoriq_api.TestBlogs" name="test_delete_blog" time="0.497" /><testcase classname="backend.tests.test_mentoriq_api.TestAdminStats" name="test_admin_stats_requires_auth" time="0.053" /><testcase classname="backend.tests.test_mentoriq_api.TestAdminStats" name="test_admin_stats_success" time="0.051" /><testcase classname="backend.tests.test_mentoriq_api.TestAdminStats" name="test_admin_users_list" time="0.049" /><testcase classname="backend.tests.test_mentoriq_api.TestTestimonials" name="test_get_testimonials" time="0.097" /></testsuite></testsuites>