<?xml version="1.0" encoding="utf-8"?><testsuites name="pytest tests"><testsuite name="pytest" errors="0" failures="0" skipped="0" tests="14" time="4.911" timestamp="2026-03-29T11:54:36.537338+00:00" hostname="agent-env-252d4f16-b767-4cbb-9321-13a981fc2149"><testcase classname="backend.tests.test_iteration7_features.TestAdminEnrollmentsStudentNames" name="test_admin_enrollments_no_unknown_names" time="0.482" /><testcase classname="backend.tests.test_iteration7_features.TestAdminEnrollmentsStudentNames" name="test_admin_enrollments_have_student_email" time="0.373" /><testcase classname="backend.tests.test_iteration7_features.TestAdminEnrollmentsStudentNames" name="test_admin_enrollments_enrichment_fields" time="0.379" /><testcase classname="backend.tests.test_iteration7_features.TestEnrollmentCheckEndpoint" name="test_enrolled_student_check_returns_true" time="0.373" /><testcase classname="backend.tests.test_iteration7_features.TestEnrollmentCheckEndpoint" name="test_unauthenticated_check_returns_false" time="0.107" /><testcase classname="backend.tests.test_iteration7_features.TestEnrollmentCheckEndpoint" name="test_non_enrolled_student_check_returns_false" time="0.528" /><testcase classname="backend.tests.test_iteration7_features.TestCourseYouTubePlaylist" name="test_agentic_ai_course_has_youtube_playlist" time="0.125" /><testcase classname="backend.tests.test_iteration7_features.TestCourseYouTubePlaylist" name="test_course_detail_returns_all_fields" time="0.100" /><testcase classname="backend.tests.test_iteration7_features.TestAdminDashboardTabs" name="test_admin_overview_stats" time="0.383" /><testcase classname="backend.tests.test_iteration7_features.TestAdminDashboardTabs" name="test_admin_courses_list" time="0.358" /><testcase classname="backend.tests.test_iteration7_features.TestAdminDashboardTabs" name="test_admin_enrollments_list" time="0.376" /><testcase classname="backend.tests.test_iteration7_features.TestAdminDashboardTabs" name="test_admin_users_list" time="0.374" /><testcase classname="backend.tests.test_iteration7_features.TestAdminDashboardTabs" name="test_admin_testimonials_list" time="0.440" /><testcase classname="backend.tests.test_iteration7_features.TestAdminDashboardTabs" name="test_admin_blogs_list" time="0.424" /></testsuite></testsuites>