<?xml version="1.0" encoding="utf-8"?><testsuites name="pytest tests"><testsuite name="pytest" errors="0" failures="0" skipped="0" tests="12" time="5.921" timestamp="2026-03-29T07:27:26.247927+00:00" hostname="agent-env-252d4f16-b767-4cbb-9321-13a981fc2149"><testcase classname="backend.tests.test_iteration5_features.TestAdminEnrollmentFeatures" name="test_admin_login_success" time="0.496" /><testcase classname="backend.tests.test_iteration5_features.TestAdminEnrollmentFeatures" name="test_get_admin_enrollments_endpoint" time="0.410" /><testcase classname="backend.tests.test_iteration5_features.TestAdminEnrollmentFeatures" name="test_get_admin_users_endpoint" time="0.415" /><testcase classname="backend.tests.test_iteration5_features.TestAdminEnrollmentFeatures" name="test_get_courses_endpoint" time="0.429" /><testcase classname="backend.tests.test_iteration5_features.TestAdminEnrollmentFeatures" name="test_admin_create_student_for_enrollment" time="0.660" /><testcase classname="backend.tests.test_iteration5_features.TestAdminEnrollmentFeatures" name="test_admin_manual_enroll_success" time="0.855" /><testcase classname="backend.tests.test_iteration5_features.TestAdminEnrollmentFeatures" name="test_admin_enroll_invalid_user" time="0.536" /><testcase classname="backend.tests.test_iteration5_features.TestAdminEnrollmentFeatures" name="test_admin_enroll_invalid_course" time="0.482" /><testcase classname="backend.tests.test_iteration5_features.TestAdminEnrollmentFeatures" name="test_admin_enroll_duplicate_prevention" time="0.909" /><testcase classname="backend.tests.test_iteration5_features.TestAdminEnrollmentFeatures" name="test_admin_enrollments_enriched_data" time="0.448" /><testcase classname="backend.tests.test_iteration5_features.TestNonAdminEnrollmentAccess" name="test_unauthenticated_cannot_access_admin_enrollments" time="0.101" /><testcase classname="backend.tests.test_iteration5_features.TestNonAdminEnrollmentAccess" name="test_unauthenticated_cannot_enroll" time="0.096" /></testsuite></testsuites>