<?xml version="1.0" encoding="utf-8"?><testsuites name="pytest tests"><testsuite name="pytest" errors="0" failures="0" skipped="0" tests="14" time="5.318" timestamp="2026-03-29T07:41:57.964106+00:00" hostname="agent-env-252d4f16-b767-4cbb-9321-13a981fc2149"><testcase classname="backend.tests.test_iteration6_features.TestBlogArticles" name="test_get_blogs_returns_6_articles" time="0.259" /><testcase classname="backend.tests.test_iteration6_features.TestBlogArticles" name="test_blogs_have_real_documentation_links" time="0.113" /><testcase classname="backend.tests.test_iteration6_features.TestBlogArticles" name="test_blog_categories_are_correct" time="0.099" /><testcase classname="backend.tests.test_iteration6_features.TestTestimonials" name="test_get_testimonials" time="0.108" /><testcase classname="backend.tests.test_iteration6_features.TestTestimonials" name="test_testimonials_have_image_urls" time="0.098" /><testcase classname="backend.tests.test_iteration6_features.TestTestimonials" name="test_create_testimonial_preserves_image_url" time="0.577" /><testcase classname="backend.tests.test_iteration6_features.TestTestimonials" name="test_update_testimonial_preserves_image_url" time="0.604" /><testcase classname="backend.tests.test_iteration6_features.TestEnrollmentFeatures" name="test_my_courses_endpoint_returns_enrolled_course_ids" time="0.879" /><testcase classname="backend.tests.test_iteration6_features.TestEnrollmentFeatures" name="test_enrollment_check_endpoint" time="0.854" /><testcase classname="backend.tests.test_iteration6_features.TestAdminDropdowns" name="test_admin_users_returns_all_users" time="0.378" /><testcase classname="backend.tests.test_iteration6_features.TestAdminDropdowns" name="test_admin_users_includes_students" time="0.381" /><testcase classname="backend.tests.test_iteration6_features.TestAdminDropdowns" name="test_courses_endpoint_for_dropdown" time="0.100" /><testcase classname="backend.tests.test_iteration6_features.TestAdminDropdowns" name="test_admin_enrollments_returns_enriched_data" time="0.393" /><testcase classname="backend.tests.test_iteration6_features.TestCourseInstructorDropdown" name="test_users_includes_teachers" time="0.379" /></testsuite></testsuites>