<?xml version="1.0" encoding="utf-8"?><testsuites name="pytest tests"><testsuite name="pytest" errors="0" failures="0" skipped="0" tests="16" time="5.644" timestamp="2026-03-28T11:32:18.343197+00:00" hostname="agent-env-252d4f16-b767-4cbb-9321-13a981fc2149"><testcase classname="backend.tests.test_admin_features.TestAdminAuth" name="test_admin_login" time="0.323" /><testcase classname="backend.tests.test_admin_features.TestAdminUserManagement" name="test_get_all_users" time="0.381" /><testcase classname="backend.tests.test_admin_features.TestAdminUserManagement" name="test_create_user" time="0.652" /><testcase classname="backend.tests.test_admin_features.TestAdminUserManagement" name="test_create_user_duplicate_email" time="0.406" /><testcase classname="backend.tests.test_admin_features.TestAdminUserManagement" name="test_delete_user" time="0.720" /><testcase classname="backend.tests.test_admin_features.TestAdminPurchases" name="test_get_purchases" time="0.381" /><testcase classname="backend.tests.test_admin_features.TestAdminPurchases" name="test_get_stats" time="0.369" /><testcase classname="backend.tests.test_admin_features.TestAdminBlogManagement" name="test_get_blogs" time="0.380" /><testcase classname="backend.tests.test_admin_features.TestAdminBlogManagement" name="test_create_blog_with_url_link" time="0.469" /><testcase classname="backend.tests.test_admin_features.TestAdminBlogManagement" name="test_update_blog" time="0.533" /><testcase classname="backend.tests.test_admin_features.TestAdminBlogManagement" name="test_delete_blog" time="0.473" /><testcase classname="backend.tests.test_admin_features.TestPublicEndpoints" name="test_get_courses" time="0.098" /><testcase classname="backend.tests.test_admin_features.TestPublicEndpoints" name="test_get_blogs_public" time="0.094" /><testcase classname="backend.tests.test_admin_features.TestUnauthorizedAccess" name="test_admin_users_requires_auth" time="0.094" /><testcase classname="backend.tests.test_admin_features.TestUnauthorizedAccess" name="test_admin_purchases_requires_auth" time="0.112" /><testcase classname="backend.tests.test_admin_features.TestUnauthorizedAccess" name="test_admin_stats_requires_auth" time="0.092" /></testsuite></testsuites>