<?xml version="1.0" encoding="utf-8"?><testsuites name="pytest tests"><testsuite name="pytest" errors="0" failures="0" skipped="0" tests="12" time="3.303" timestamp="2026-04-17T13:51:33.558052+00:00" hostname="agent-env-252d4f16-b767-4cbb-9321-13a981fc2149"><testcase classname="backend.tests.test_iteration8_drive_videos.TestCoursesListEndpoint" name="test_courses_list_no_youtube_playlist" time="0.182" /><testcase classname="backend.tests.test_iteration8_drive_videos.TestCoursesListEndpoint" name="test_courses_list_no_drive_videos" time="0.051" /><testcase classname="backend.tests.test_iteration8_drive_videos.TestCourseDetailEndpoint" name="test_course_detail_no_youtube_playlist" time="0.054" /><testcase classname="backend.tests.test_iteration8_drive_videos.TestCourseDetailEndpoint" name="test_course_detail_no_drive_videos" time="0.272" /><testcase classname="backend.tests.test_iteration8_drive_videos.TestCourseDetailEndpoint" name="test_course_detail_has_videos_boolean" time="0.273" /><testcase classname="backend.tests.test_iteration8_drive_videos.TestVideosEndpointAuth" name="test_videos_unauthenticated_returns_401" time="0.051" /><testcase classname="backend.tests.test_iteration8_drive_videos.TestVideosEndpointAuth" name="test_videos_non_enrolled_returns_403" time="0.637" /><testcase classname="backend.tests.test_iteration8_drive_videos.TestVideosEndpointAccess" name="test_enrolled_student_can_access_videos" time="0.397" /><testcase classname="backend.tests.test_iteration8_drive_videos.TestVideosEndpointAccess" name="test_enrolled_student_videos_have_embed_urls" time="0.064" /><testcase classname="backend.tests.test_iteration8_drive_videos.TestVideosEndpointAccess" name="test_admin_can_access_videos" time="0.378" /><testcase classname="backend.tests.test_iteration8_drive_videos.TestVideosEndpointAccess" name="test_teacher_can_access_videos" time="0.613" /><testcase classname="backend.tests.test_iteration8_drive_videos.TestAdminCourseUpdate" name="test_admin_can_update_course_with_drive_videos" time="0.255" /></testsuite></testsuites>